<?xml version="1.0" encoding="UTF-8"?>
<testng-results skipped="0" failed="0" total="1" passed="1">
  <reporter-output>
  </reporter-output>
  <suite name="Website_Test" duration-ms="59520" started-at="2017-08-13T19:28:38Z" finished-at="2017-08-13T19:29:38Z">
    <groups>
    </groups>
    <test name="Test" duration-ms="59520" started-at="2017-08-13T19:28:38Z" finished-at="2017-08-13T19:29:38Z">
      <class name="Selenium.Test.WebTest">
        <test-method status="PASS" signature="beforeTest(java.lang.String)[pri:0, instance:Selenium.Test.WebTest@5034c75a]" name="beforeTest" is-config="true" duration-ms="3260" started-at="2017-08-13T20:28:38Z" finished-at="2017-08-13T20:28:42Z">
          <params>
            <param index="0">
              <value>
                <![CDATA[1]]>
              </value>
            </param>
          </params>
          <reporter-output>
          </reporter-output>
        </test-method> <!-- beforeTest -->
        <test-method status="PASS" signature="main()[pri:0, instance:Selenium.Test.WebTest@5034c75a]" name="main" duration-ms="55014" started-at="2017-08-13T20:28:42Z" finished-at="2017-08-13T20:29:37Z">
          <reporter-output>
          </reporter-output>
        </test-method> <!-- main -->
        <test-method status="PASS" signature="afterTest()[pri:0, instance:Selenium.Test.WebTest@5034c75a]" name="afterTest" is-config="true" duration-ms="1219" started-at="2017-08-13T20:29:37Z" finished-at="2017-08-13T20:29:38Z">
          <reporter-output>
          </reporter-output>
        </test-method> <!-- afterTest -->
      </class> <!-- Selenium.Test.WebTest -->
    </test> <!-- Test -->
  </suite> <!-- Website_Test -->
</testng-results>
